build/app/intermediates/manifest_merge_blame_file/debug/manifest-merger-blame-debug-report.txt
1<?xml version="1.0" encoding="utf-8"?>
2<manifest xmlns:android="http://schemas.android.com/apk/res/android"
3    package="co.id.porto.hrisproject"
4    android:versionCode="1"
5    android:versionName="1.0.0" >
6
7    <uses-sdk
8        android:minSdkVersion="21"
9        android:targetSdkVersion="33" />
10    <!--
11         The INTERNET permission is required for development. Specifically,
12         the Flutter tool needs it to communicate with the running application
13         to allow setting breakpoints, to provide hot reload, etc.
14    -->
15    <uses-permission android:name="android.permission.INTERNET" />
15-->src/main/AndroidManifest.xml:3:3-65
15-->src/main/AndroidManifest.xml:3:20-62
16    <uses-permission android:name="android.permission.ACCESS_FINE_LOCATION" />
16-->src/main/AndroidManifest.xml:4:3-77
16-->src/main/AndroidManifest.xml:4:20-74
17    <uses-permission android:name="android.permission.ACCESS_COARSE_LOCATION" />
17-->src/main/AndroidManifest.xml:5:3-79
17-->src/main/AndroidManifest.xml:5:20-76
18    <uses-permission android:name="android.permission.ACCESS_BACKGROUND_LOCATION" />
18-->src/main/AndroidManifest.xml:6:3-82
18-->src/main/AndroidManifest.xml:6:20-80
19    <uses-permission android:name="android.permission.WRITE_EXTERNAL_STORAGE" />
19-->src/main/AndroidManifest.xml:7:3-78
19-->src/main/AndroidManifest.xml:7:20-76
20    <uses-permission android:name="android.permission.READ_EXTERNAL_STORAGE" />
20-->src/main/AndroidManifest.xml:8:3-77
20-->src/main/AndroidManifest.xml:8:20-75
21    <uses-permission android:name="android.permission.REQUEST_INSTALL_PACKAGES" />
21-->src/main/AndroidManifest.xml:9:3-81
21-->src/main/AndroidManifest.xml:9:20-78
22    <uses-permission android:name="android.permission.FOREGROUND_SERVICE" />
22-->src/main/AndroidManifest.xml:10:3-75
22-->src/main/AndroidManifest.xml:10:20-72
23
24    <queries>
24-->[:file_picker] AndroidManifest.xml:11:5-17:15
25        <intent>
25-->[:file_picker] AndroidManifest.xml:12:9-16:18
26            <action android:name="android.intent.action.GET_CONTENT" />
26-->[:file_picker] AndroidManifest.xml:13:13-72
26-->[:file_picker] AndroidManifest.xml:13:21-69
27
28            <data android:mimeType="*/*" />
28-->[:file_picker] AndroidManifest.xml:15:13-44
28-->[:file_picker] AndroidManifest.xml:15:19-41
29        </intent>
30        <intent>
30-->[:flutter_downloader] AndroidManifest.xml:11:9-13:18
31            <action android:name="android.intent.action.VIEW" />
31-->[:flutter_downloader] AndroidManifest.xml:12:13-65
31-->[:flutter_downloader] AndroidManifest.xml:12:21-62
32        </intent>
33    </queries>
34
35    <uses-permission android:name="android.permission.CAMERA" />
35-->[:camera_android] AndroidManifest.xml:9:5-65
35-->[:camera_android] AndroidManifest.xml:9:22-62
36    <uses-permission android:name="android.permission.RECORD_AUDIO" />
36-->[:camera_android] AndroidManifest.xml:10:5-71
36-->[:camera_android] AndroidManifest.xml:10:22-68
37    <uses-permission android:name="android.permission.WAKE_LOCK" />
37-->[androidx.work:work-runtime:2.7.1] AndroidManifest.xml:25:5-68
37-->[androidx.work:work-runtime:2.7.1] AndroidManifest.xml:25:22-65
38    <uses-permission android:name="android.permission.ACCESS_NETWORK_STATE" />
38-->[androidx.work:work-runtime:2.7.1] AndroidManifest.xml:26:5-79
38-->[androidx.work:work-runtime:2.7.1] AndroidManifest.xml:26:22-76
39    <uses-permission android:name="android.permission.RECEIVE_BOOT_COMPLETED" />
39-->[androidx.work:work-runtime:2.7.1] AndroidManifest.xml:27:5-81
39-->[androidx.work:work-runtime:2.7.1] AndroidManifest.xml:27:22-78
40
41    <application
42        android:name="android.app.Application"
43        android:appComponentFactory="androidx.core.app.CoreComponentFactory"
43-->[androidx.core:core:1.8.0] AndroidManifest.xml:24:18-86
44        android:debuggable="true"
45        android:icon="@mipmap/launcher_icons"
46        android:label="Porto HRIS"
47        android:usesCleartextTraffic="true" >
48        <activity
49            android:name="com.example.hris_project.MainActivity"
50            android:configChanges="orientation|keyboardHidden|keyboard|screenSize|smallestScreenSize|locale|layoutDirection|fontScale|screenLayout|density|uiMode"
51            android:exported="true"
52            android:hardwareAccelerated="true"
53            android:launchMode="singleTop"
54            android:theme="@style/LaunchTheme"
55            android:windowSoftInputMode="adjustResize" >
56
57            <!--
58                 Specifies an Android theme to apply to this Activity as soon as
59                 the Android process has started. This theme is visible to the user
60                 while the Flutter UI initializes. After that, this theme continues
61                 to determine the Window background behind the Flutter UI.
62            -->
63            <meta-data
64                android:name="io.flutter.embedding.android.NormalTheme"
65                android:resource="@style/NormalTheme" />
66            <!--
67                 Displays an Android View that continues showing the launch screen
68                 Drawable until Flutter paints its first frame, then this splash
69                 screen fades out. A splash screen is useful to avoid any visual
70                 gap between the end of Android's launch screen and the painting of
71                 Flutter's first frame.
72            -->
73            <meta-data
74                android:name="io.flutter.embedding.android.SplashScreenDrawable"
75                android:resource="@drawable/launch_background" />
76
77            <intent-filter>
78                <action android:name="android.intent.action.MAIN" />
79
80                <category android:name="android.intent.category.LAUNCHER" />
81            </intent-filter>
82
83            <meta-data
84                android:name="flutter_deeplinking_enabled"
85                android:value="true" />
86
87            <intent-filter android:autoVerify="true" >
88                <action android:name="android.intent.action.VIEW" />
88-->[:flutter_downloader] AndroidManifest.xml:12:13-65
88-->[:flutter_downloader] AndroidManifest.xml:12:21-62
89
90                <category android:name="android.intent.category.DEFAULT" />
91                <category android:name="android.intent.category.BROWSABLE" />
92
93                <data
93-->[:file_picker] AndroidManifest.xml:15:13-44
94                    android:host="odoo.porto.co.id"
95                    android:scheme="https" />
96                <data android:scheme="http" />
96-->[:file_picker] AndroidManifest.xml:15:13-44
97            </intent-filter>
98        </activity>
99
100        <provider
101            android:name="vn.hunghd.flutterdownloader.DownloadedFileProvider"
102            android:authorities="co.id.porto.hrisproject.flutter_downloader.provider"
103            android:exported="false"
104            android:grantUriPermissions="true" >
105            <meta-data
105-->[:image_picker_android] AndroidManifest.xml:15:13-17:75
106                android:name="android.support.FILE_PROVIDER_PATHS"
106-->[:image_picker_android] AndroidManifest.xml:16:17-67
107                android:resource="@xml/provider_paths" />
107-->[:image_picker_android] AndroidManifest.xml:17:17-72
108        </provider>
109
110        <!-- Begin FlutterDownloader customization -->
111        <!-- disable default Initializer -->
112
113
114        <!-- declare customized Initializer -->
115        <provider
116            android:name="vn.hunghd.flutterdownloader.FlutterDownloaderInitializer"
117            android:authorities="co.id.porto.hrisproject.flutter-downloader-init"
118            android:exported="false" >
119
120            <!-- changes this number to configure the maximum number of concurrent tasks -->
121            <meta-data
122                android:name="vn.hunghd.flutterdownloader.MAX_CONCURRENT_TASKS"
123                android:value="5" />
124        </provider>
125        <!-- End FlutterDownloader customization -->
126
127
128        <!--
129             Don't delete the meta-data below.
130             This is used by the Flutter tool to generate GeneratedPluginRegistrant.java
131        -->
132        <meta-data
133            android:name="flutterEmbedding"
134            android:value="2" />
135
136        <provider
136-->[:image_picker_android] AndroidManifest.xml:10:9-18:20
137            android:name="io.flutter.plugins.imagepicker.ImagePickerFileProvider"
137-->[:image_picker_android] AndroidManifest.xml:11:13-82
138            android:authorities="co.id.porto.hrisproject.flutter.image_provider"
138-->[:image_picker_android] AndroidManifest.xml:12:13-74
139            android:exported="false"
139-->[:image_picker_android] AndroidManifest.xml:13:13-37
140            android:grantUriPermissions="true" >
140-->[:image_picker_android] AndroidManifest.xml:14:13-47
141            <meta-data
141-->[:image_picker_android] AndroidManifest.xml:15:13-17:75
142                android:name="android.support.FILE_PROVIDER_PATHS"
142-->[:image_picker_android] AndroidManifest.xml:16:17-67
143                android:resource="@xml/flutter_image_picker_file_paths" />
143-->[:image_picker_android] AndroidManifest.xml:17:17-72
144        </provider>
145
146        <service
146-->[:location] AndroidManifest.xml:13:9-17:56
147            android:name="com.lyokone.location.FlutterLocationService"
147-->[:location] AndroidManifest.xml:14:13-71
148            android:enabled="true"
148-->[:location] AndroidManifest.xml:15:13-35
149            android:exported="false"
149-->[:location] AndroidManifest.xml:16:13-37
150            android:foregroundServiceType="location" />
150-->[:location] AndroidManifest.xml:17:13-53
151
152        <uses-library
152-->[androidx.window:window:1.0.0-beta04] AndroidManifest.xml:25:9-27:40
153            android:name="androidx.window.extensions"
153-->[androidx.window:window:1.0.0-beta04] AndroidManifest.xml:26:13-54
154            android:required="false" />
154-->[androidx.window:window:1.0.0-beta04] AndroidManifest.xml:27:13-37
155        <uses-library
155-->[androidx.window:window:1.0.0-beta04] AndroidManifest.xml:28:9-30:40
156            android:name="androidx.window.sidecar"
156-->[androidx.window:window:1.0.0-beta04] AndroidManifest.xml:29:13-51
157            android:required="false" />
157-->[androidx.window:window:1.0.0-beta04] AndroidManifest.xml:30:13-37
158
159        <activity
159-->[com.google.android.gms:play-services-base:16.0.1] AndroidManifest.xml:23:9-26:75
160            android:name="com.google.android.gms.common.api.GoogleApiActivity"
160-->[com.google.android.gms:play-services-base:16.0.1] AndroidManifest.xml:24:13-79
161            android:exported="false"
161-->[com.google.android.gms:play-services-base:16.0.1] AndroidManifest.xml:25:13-37
162            android:theme="@android:style/Theme.Translucent.NoTitleBar" />
162-->[com.google.android.gms:play-services-base:16.0.1] AndroidManifest.xml:26:13-72
163
164        <meta-data
164-->[com.google.android.gms:play-services-basement:16.0.1] AndroidManifest.xml:23:9-25:69
165            android:name="com.google.android.gms.version"
165-->[com.google.android.gms:play-services-basement:16.0.1] AndroidManifest.xml:24:13-58
166            android:value="@integer/google_play_services_version" />
166-->[com.google.android.gms:play-services-basement:16.0.1] AndroidManifest.xml:25:13-66
167
168        <provider
168-->[androidx.work:work-runtime:2.7.1] AndroidManifest.xml:31:9-39:20
169            android:name="androidx.startup.InitializationProvider"
169-->[androidx.work:work-runtime:2.7.1] AndroidManifest.xml:32:13-67
170            android:authorities="co.id.porto.hrisproject.androidx-startup"
170-->[androidx.work:work-runtime:2.7.1] AndroidManifest.xml:33:13-68
171            android:exported="false" >
171-->[androidx.work:work-runtime:2.7.1] AndroidManifest.xml:34:13-37
172            <meta-data
172-->[androidx.work:work-runtime:2.7.1] AndroidManifest.xml:36:13-38:52
173                android:name="androidx.work.WorkManagerInitializer"
173-->[androidx.work:work-runtime:2.7.1] AndroidManifest.xml:37:17-68
174                android:value="androidx.startup" />
174-->[androidx.work:work-runtime:2.7.1] AndroidManifest.xml:38:17-49
175        </provider>
176
177        <service
177-->[androidx.work:work-runtime:2.7.1] AndroidManifest.xml:41:9-46:35
178            android:name="androidx.work.impl.background.systemalarm.SystemAlarmService"
178-->[androidx.work:work-runtime:2.7.1] AndroidManifest.xml:42:13-88
179            android:directBootAware="false"
179-->[androidx.work:work-runtime:2.7.1] AndroidManifest.xml:43:13-44
180            android:enabled="@bool/enable_system_alarm_service_default"
180-->[androidx.work:work-runtime:2.7.1] AndroidManifest.xml:44:13-72
181            android:exported="false" />
181-->[androidx.work:work-runtime:2.7.1] AndroidManifest.xml:45:13-37
182        <service
182-->[androidx.work:work-runtime:2.7.1] AndroidManifest.xml:47:9-53:35
183            android:name="androidx.work.impl.background.systemjob.SystemJobService"
183-->[androidx.work:work-runtime:2.7.1] AndroidManifest.xml:48:13-84
184            android:directBootAware="false"
184-->[androidx.work:work-runtime:2.7.1] AndroidManifest.xml:49:13-44
185            android:enabled="@bool/enable_system_job_service_default"
185-->[androidx.work:work-runtime:2.7.1] AndroidManifest.xml:50:13-70
186            android:exported="true"
186-->[androidx.work:work-runtime:2.7.1] AndroidManifest.xml:51:13-36
187            android:permission="android.permission.BIND_JOB_SERVICE" />
187-->[androidx.work:work-runtime:2.7.1] AndroidManifest.xml:52:13-69
188        <service
188-->[androidx.work:work-runtime:2.7.1] AndroidManifest.xml:54:9-59:35
189            android:name="androidx.work.impl.foreground.SystemForegroundService"
189-->[androidx.work:work-runtime:2.7.1] AndroidManifest.xml:55:13-81
190            android:directBootAware="false"
190-->[androidx.work:work-runtime:2.7.1] AndroidManifest.xml:56:13-44
191            android:enabled="@bool/enable_system_foreground_service_default"
191-->[androidx.work:work-runtime:2.7.1] AndroidManifest.xml:57:13-77
192            android:exported="false" />
192-->[androidx.work:work-runtime:2.7.1] AndroidManifest.xml:58:13-37
193
194        <receiver
194-->[androidx.work:work-runtime:2.7.1] AndroidManifest.xml:61:9-66:35
195            android:name="androidx.work.impl.utils.ForceStopRunnable$BroadcastReceiver"
195-->[androidx.work:work-runtime:2.7.1] AndroidManifest.xml:62:13-88
196            android:directBootAware="false"
196-->[androidx.work:work-runtime:2.7.1] AndroidManifest.xml:63:13-44
197            android:enabled="true"
197-->[androidx.work:work-runtime:2.7.1] AndroidManifest.xml:64:13-35
198            android:exported="false" />
198-->[androidx.work:work-runtime:2.7.1] AndroidManifest.xml:65:13-37
199        <receiver
199-->[androidx.work:work-runtime:2.7.1] AndroidManifest.xml:67:9-77:20
200            android:name="androidx.work.impl.background.systemalarm.ConstraintProxy$BatteryChargingProxy"
200-->[androidx.work:work-runtime:2.7.1] AndroidManifest.xml:68:13-106
201            android:directBootAware="false"
201-->[androidx.work:work-runtime:2.7.1] AndroidManifest.xml:69:13-44
202            android:enabled="false"
202-->[androidx.work:work-runtime:2.7.1] AndroidManifest.xml:70:13-36
203            android:exported="false" >
203-->[androidx.work:work-runtime:2.7.1] AndroidManifest.xml:71:13-37
204            <intent-filter>
204-->[androidx.work:work-runtime:2.7.1] AndroidManifest.xml:73:13-76:29
205                <action android:name="android.intent.action.ACTION_POWER_CONNECTED" />
205-->[androidx.work:work-runtime:2.7.1] AndroidManifest.xml:74:17-87
205-->[androidx.work:work-runtime:2.7.1] AndroidManifest.xml:74:25-84
206                <action android:name="android.intent.action.ACTION_POWER_DISCONNECTED" />
206-->[androidx.work:work-runtime:2.7.1] AndroidManifest.xml:75:17-90
206-->[androidx.work:work-runtime:2.7.1] AndroidManifest.xml:75:25-87
207            </intent-filter>
208        </receiver>
209        <receiver
209-->[androidx.work:work-runtime:2.7.1] AndroidManifest.xml:78:9-88:20
210            android:name="androidx.work.impl.background.systemalarm.ConstraintProxy$BatteryNotLowProxy"
210-->[androidx.work:work-runtime:2.7.1] AndroidManifest.xml:79:13-104
211            android:directBootAware="false"
211-->[androidx.work:work-runtime:2.7.1] AndroidManifest.xml:80:13-44
212            android:enabled="false"
212-->[androidx.work:work-runtime:2.7.1] AndroidManifest.xml:81:13-36
213            android:exported="false" >
213-->[androidx.work:work-runtime:2.7.1] AndroidManifest.xml:82:13-37
214            <intent-filter>
214-->[androidx.work:work-runtime:2.7.1] AndroidManifest.xml:84:13-87:29
215                <action android:name="android.intent.action.BATTERY_OKAY" />
215-->[androidx.work:work-runtime:2.7.1] AndroidManifest.xml:85:17-77
215-->[androidx.work:work-runtime:2.7.1] AndroidManifest.xml:85:25-74
216                <action android:name="android.intent.action.BATTERY_LOW" />
216-->[androidx.work:work-runtime:2.7.1] AndroidManifest.xml:86:17-76
216-->[androidx.work:work-runtime:2.7.1] AndroidManifest.xml:86:25-73
217            </intent-filter>
218        </receiver>
219        <receiver
219-->[androidx.work:work-runtime:2.7.1] AndroidManifest.xml:89:9-99:20
220            android:name="androidx.work.impl.background.systemalarm.ConstraintProxy$StorageNotLowProxy"
220-->[androidx.work:work-runtime:2.7.1] AndroidManifest.xml:90:13-104
221            android:directBootAware="false"
221-->[androidx.work:work-runtime:2.7.1] AndroidManifest.xml:91:13-44
222            android:enabled="false"
222-->[androidx.work:work-runtime:2.7.1] AndroidManifest.xml:92:13-36
223            android:exported="false" >
223-->[androidx.work:work-runtime:2.7.1] AndroidManifest.xml:93:13-37
224            <intent-filter>
224-->[androidx.work:work-runtime:2.7.1] AndroidManifest.xml:95:13-98:29
225                <action android:name="android.intent.action.DEVICE_STORAGE_LOW" />
225-->[androidx.work:work-runtime:2.7.1] AndroidManifest.xml:96:17-83
225-->[androidx.work:work-runtime:2.7.1] AndroidManifest.xml:96:25-80
226                <action android:name="android.intent.action.DEVICE_STORAGE_OK" />
226-->[androidx.work:work-runtime:2.7.1] AndroidManifest.xml:97:17-82
226-->[androidx.work:work-runtime:2.7.1] AndroidManifest.xml:97:25-79
227            </intent-filter>
228        </receiver>
229        <receiver
229-->[androidx.work:work-runtime:2.7.1] AndroidManifest.xml:100:9-109:20
230            android:name="androidx.work.impl.background.systemalarm.ConstraintProxy$NetworkStateProxy"
230-->[androidx.work:work-runtime:2.7.1] AndroidManifest.xml:101:13-103
231            android:directBootAware="false"
231-->[androidx.work:work-runtime:2.7.1] AndroidManifest.xml:102:13-44
232            android:enabled="false"
232-->[androidx.work:work-runtime:2.7.1] AndroidManifest.xml:103:13-36
233            android:exported="false" >
233-->[androidx.work:work-runtime:2.7.1] AndroidManifest.xml:104:13-37
234            <intent-filter>
234-->[androidx.work:work-runtime:2.7.1] AndroidManifest.xml:106:13-108:29
235                <action android:name="android.net.conn.CONNECTIVITY_CHANGE" />
235-->[androidx.work:work-runtime:2.7.1] AndroidManifest.xml:107:17-79
235-->[androidx.work:work-runtime:2.7.1] AndroidManifest.xml:107:25-76
236            </intent-filter>
237        </receiver>
238        <receiver
238-->[androidx.work:work-runtime:2.7.1] AndroidManifest.xml:110:9-121:20
239            android:name="androidx.work.impl.background.systemalarm.RescheduleReceiver"
239-->[androidx.work:work-runtime:2.7.1] AndroidManifest.xml:111:13-88
240            android:directBootAware="false"
240-->[androidx.work:work-runtime:2.7.1] AndroidManifest.xml:112:13-44
241            android:enabled="false"
241-->[androidx.work:work-runtime:2.7.1] AndroidManifest.xml:113:13-36
242            android:exported="false" >
242-->[androidx.work:work-runtime:2.7.1] AndroidManifest.xml:114:13-37
243            <intent-filter>
243-->[androidx.work:work-runtime:2.7.1] AndroidManifest.xml:116:13-120:29
244                <action android:name="android.intent.action.BOOT_COMPLETED" />
244-->[androidx.work:work-runtime:2.7.1] AndroidManifest.xml:117:17-79
244-->[androidx.work:work-runtime:2.7.1] AndroidManifest.xml:117:25-76
245                <action android:name="android.intent.action.TIME_SET" />
245-->[androidx.work:work-runtime:2.7.1] AndroidManifest.xml:118:17-73
245-->[androidx.work:work-runtime:2.7.1] AndroidManifest.xml:118:25-70
246                <action android:name="android.intent.action.TIMEZONE_CHANGED" />
246-->[androidx.work:work-runtime:2.7.1] AndroidManifest.xml:119:17-81
246-->[androidx.work:work-runtime:2.7.1] AndroidManifest.xml:119:25-78
247            </intent-filter>
248        </receiver>
249        <receiver
249-->[androidx.work:work-runtime:2.7.1] AndroidManifest.xml:122:9-131:20
250            android:name="androidx.work.impl.background.systemalarm.ConstraintProxyUpdateReceiver"
250-->[androidx.work:work-runtime:2.7.1] AndroidManifest.xml:123:13-99
251            android:directBootAware="false"
251-->[androidx.work:work-runtime:2.7.1] AndroidManifest.xml:124:13-44
252            android:enabled="@bool/enable_system_alarm_service_default"
252-->[androidx.work:work-runtime:2.7.1] AndroidManifest.xml:125:13-72
253            android:exported="false" >
253-->[androidx.work:work-runtime:2.7.1] AndroidManifest.xml:126:13-37
254            <intent-filter>
254-->[androidx.work:work-runtime:2.7.1] AndroidManifest.xml:128:13-130:29
255                <action android:name="androidx.work.impl.background.systemalarm.UpdateProxies" />
255-->[androidx.work:work-runtime:2.7.1] AndroidManifest.xml:129:17-98
255-->[androidx.work:work-runtime:2.7.1] AndroidManifest.xml:129:25-95
256            </intent-filter>
257        </receiver>
258        <receiver
258-->[androidx.work:work-runtime:2.7.1] AndroidManifest.xml:132:9-142:20
259            android:name="androidx.work.impl.diagnostics.DiagnosticsReceiver"
259-->[androidx.work:work-runtime:2.7.1] AndroidManifest.xml:133:13-78
260            android:directBootAware="false"
260-->[androidx.work:work-runtime:2.7.1] AndroidManifest.xml:134:13-44
261            android:enabled="true"
261-->[androidx.work:work-runtime:2.7.1] AndroidManifest.xml:135:13-35
262            android:exported="true"
262-->[androidx.work:work-runtime:2.7.1] AndroidManifest.xml:136:13-36
263            android:permission="android.permission.DUMP" >
263-->[androidx.work:work-runtime:2.7.1] AndroidManifest.xml:137:13-57
264            <intent-filter>
264-->[androidx.work:work-runtime:2.7.1] AndroidManifest.xml:139:13-141:29
265                <action android:name="androidx.work.diagnostics.REQUEST_DIAGNOSTICS" />
265-->[androidx.work:work-runtime:2.7.1] AndroidManifest.xml:140:17-88
265-->[androidx.work:work-runtime:2.7.1] AndroidManifest.xml:140:25-85
266            </intent-filter>
267        </receiver>
268
269        <service
269-->[androidx.room:room-runtime:2.2.5] AndroidManifest.xml:25:9-28:40
270            android:name="androidx.room.MultiInstanceInvalidationService"
270-->[androidx.room:room-runtime:2.2.5] AndroidManifest.xml:26:13-74
271            android:directBootAware="true"
271-->[androidx.room:room-runtime:2.2.5] AndroidManifest.xml:27:13-43
272            android:exported="false" />
272-->[androidx.room:room-runtime:2.2.5] AndroidManifest.xml:28:13-37
273    </application>
274
275</manifest>